<?xml version="1.0" encoding="UTF-8"?>
<!-- Generated by org.testng.reporters.JUnitXMLReporter -->
<testsuite hostname="ndi-mb-091" ignored="0" name="Android Test" tests="2" failures="0" timestamp="04 Mar 2021 09:33:53 GMT" time="62.79" errors="0">
  <testcase name="verifyDragAndDropTest" time="8.81" classname="com.appium.android.gestures.DragAndDropTest"/>
  <testcase name="verifyLongPressTest" time="7.166" classname="com.appium.android.gestures.LongPressTest"/>
</testsuite> <!-- Android Test -->
