<?xml version="1.0" encoding="UTF-8"?>
<!-- Generated by org.testng.reporters.JUnitXMLReporter -->
<testsuite hostname="ndi-mb-091" ignored="0" name="IOS Test" tests="4" failures="0" timestamp="04 Mar 2021 09:30:59 GMT" time="68.893" errors="0">
  <testcase name="verifyHomePageOptions" time="25.289" classname="com.appium.ios.gestures.HomeTest"/>
  <testcase name="verifyPickerWheelSelection" time="6.913" classname="com.appium.ios.gestures.VerifyPickerSelectionTest"/>
  <testcase name="verifyScrollToElementTest" time="4.289" classname="com.appium.ios.gestures.VerifyScrollTest"/>
  <testcase name="verifySliderTest" time="3.252" classname="com.appium.ios.gestures.VerifySliderTest"/>
</testsuite> <!-- IOS Test -->
